#
# There is insufficient memory for the Java Runtime Environment to continue.
# Native memory allocation (mmap) failed to map 132120576 bytes for G1 virtual space
# Possible reasons:
#   The system is out of physical RAM or swap space
#   The process is running with CompressedOops enabled, and the Java Heap may be blocking the growth of the native heap
# Possible solutions:
#   Reduce memory load on the system
#   Increase physical memory or swap space
#   Check if swap backing store is full
#   Decrease Java heap size (-Xmx/-Xms)
#   Decrease number of Java threads
#   Decrease Java thread stack sizes (-Xss)
#   Set larger code cache with -XX:ReservedCodeCacheSize=
#   JVM is running with Unscaled Compressed Oops mode in which the Java heap is
#     placed in the first 4GB address space. The Java Heap base address is the
#     maximum limit for the native heap growth. Please use -XX:HeapBaseMinAddress
#     to set the Java Heap base and to place the Java Heap above 4GB virtual address.
# This output file may be truncated or incomplete.
#
#  Out of Memory Error (os_windows.cpp:3550), pid=7740, tid=6864
#
# JRE version:  (17.0.8+9) (build )
# Java VM: Java HotSpot(TM) 64-Bit Server VM (17.0.8+9-LTS-211, mixed mode, emulated-client, sharing, tiered, compressed oops, compressed class ptrs, g1 gc, windows-amd64)
# No core dump will be written. Minidumps are not enabled by default on client versions of Windows
#

---------------  S U M M A R Y ------------

Command Line: -XX:TieredStopAtLevel=1 -Dspring.output.ansi.enabled=always -Dcom.sun.management.jmxremote -Dspring.jmx.enabled=true -Dspring.liveBeansView.mbeanDomain -Dspring.application.admin.enabled=true -Dmanagement.endpoints.jmx.exposure.include=* -javaagent:C:\Program Files\JetBrains\IntelliJ IDEA 2023.2.2\lib\idea_rt.jar=63448:C:\Program Files\JetBrains\IntelliJ IDEA 2023.2.2\bin -Dfile.encoding=UTF-8 microservice.defence_service.DefenceServiceApplication

Host: 11th Gen Intel(R) Core(TM) i7-1165G7 @ 2.80GHz, 8 cores, 7G,  Windows 11 , 64 bit Build 22621 (10.0.22621.3958)
Time: Tue Nov  5 17:09:13 2024 Afr. centrale Ouest elapsed time: 0.013329 seconds (0d 0h 0m 0s)

---------------  T H R E A D  ---------------

Current thread (0x0000029a13d61c40):  JavaThread "Unknown thread" [_thread_in_vm, id=6864, stack(0x000000e576500000,0x000000e576600000)]

Stack: [0x000000e576500000,0x000000e576600000]
Native frames: (J=compiled Java code, j=interpreted, Vv=VM code, C=native code)
V  [jvm.dll+0x677d0a]
V  [jvm.dll+0x7d8c54]
V  [jvm.dll+0x7da3fe]
V  [jvm.dll+0x7daa63]
V  [jvm.dll+0x245c5f]
V  [jvm.dll+0x674bb9]
V  [jvm.dll+0x6694f2]
V  [jvm.dll+0x3031d6]
V  [jvm.dll+0x30a756]
V  [jvm.dll+0x359f9e]
V  [jvm.dll+0x35a1cf]
V  [jvm.dll+0x2da3e8]
V  [jvm.dll+0x2db354]
V  [jvm.dll+0x7aa711]
V  [jvm.dll+0x367b51]
V  [jvm.dll+0x789979]
V  [jvm.dll+0x3eb05f]
V  [jvm.dll+0x3ecae1]
C  [jli.dll+0x5297]
C  [ucrtbase.dll+0x29333]
C  [KERNEL32.DLL+0x1257d]
C  [ntdll.dll+0x5af08]


---------------  P R O C E S S  ---------------

Threads class SMR info:
_java_thread_list=0x00007ffc963f59d8, length=0, elements={
}

Java Threads: ( => current thread )

Other Threads:
  0x0000029a13dbd490 GCTaskThread "GC Thread#0" [stack: 0x000000e576600000,0x000000e576700000] [id=8328]
  0x0000029a13dcdd10 ConcurrentGCThread "G1 Main Marker" [stack: 0x000000e576700000,0x000000e576800000] [id=3476]
  0x0000029a13dcfed0 ConcurrentGCThread "G1 Conc#0" [stack: 0x000000e576800000,0x000000e576900000] [id=7388]

[error occurred during error reporting (printing all threads), id 0xc0000005, EXCEPTION_ACCESS_VIOLATION (0xc0000005) at pc=0x00007ffc95c2b047]

VM state: not at safepoint (not fully initialized)

VM Mutex/Monitor currently owned by a thread:  ([mutex/lock_event])
[0x0000029a13d5cd90] Heap_lock - owner thread: 0x0000029a13d61c40

Heap address: 0x0000000083600000, size: 1994 MB, Compressed Oops mode: 32-bit

CDS archive(s) mapped at: [0x0000000000000000-0x0000000000000000-0x0000000000000000), size 0, SharedBaseAddress: 0x0000000800000000, ArchiveRelocationMode: 1.
Narrow klass base: 0x0000000000000000, Narrow klass shift: 0, Narrow klass range: 0x0

GC Precious Log:
<Empty>

Heap:
 garbage-first heap   total 0K, used 0K [0x0000000083600000, 0x0000000100000000)
  region size 1024K, 0 young (0K), 0 survivors (0K)

[error occurred during error reporting (printing heap information), id 0xc0000005, EXCEPTION_ACCESS_VIOLATION (0xc0000005) at pc=0x00007ffc96011499]

GC Heap History (0 events):
No events

Deoptimization events (0 events):
No events

Classes unloaded (0 events):
No events

Classes redefined (0 events):
No events

Internal exceptions (0 events):
No events

VM Operations (0 events):
No events

Events (1 events):
Event: 0.008 Loaded shared library C:\Program Files\Java\jdk-17\bin\java.dll


Dynamic libraries:
0x00007ff754420000 - 0x00007ff754430000 	C:\Program Files\Java\jdk-17\bin\java.exe
0x00007ffd70650000 - 0x00007ffd70867000 	C:\WINDOWS\SYSTEM32\ntdll.dll
0x00007ffd6e8c0000 - 0x00007ffd6e984000 	C:\WINDOWS\System32\KERNEL32.DLL
0x00007ffd6dfc0000 - 0x00007ffd6e377000 	C:\WINDOWS\System32\KERNELBASE.dll
0x00007ffd6dd20000 - 0x00007ffd6de31000 	C:\WINDOWS\System32\ucrtbase.dll
0x00007ffd4b2e0000 - 0x00007ffd4b2f9000 	C:\Program Files\Java\jdk-17\bin\jli.dll
0x00007ffd49380000 - 0x00007ffd4939b000 	C:\Program Files\Java\jdk-17\bin\VCRUNTIME140.dll
0x00007ffd6fa20000 - 0x00007ffd6fad2000 	C:\WINDOWS\System32\ADVAPI32.dll
0x00007ffd6ebf0000 - 0x00007ffd6ec97000 	C:\WINDOWS\System32\msvcrt.dll
0x00007ffd6f330000 - 0x00007ffd6f3d8000 	C:\WINDOWS\System32\sechost.dll
0x00007ffd6de70000 - 0x00007ffd6de98000 	C:\WINDOWS\System32\bcrypt.dll
0x00007ffd6f090000 - 0x00007ffd6f1a4000 	C:\WINDOWS\System32\RPCRT4.dll
0x00007ffd6e380000 - 0x00007ffd6e52f000 	C:\WINDOWS\System32\USER32.dll
0x00007ffd6de40000 - 0x00007ffd6de66000 	C:\WINDOWS\System32\win32u.dll
0x00007ffd4d7a0000 - 0x00007ffd4da33000 	C:\WINDOWS\WinSxS\amd64_microsoft.windows.common-controls_6595b64144ccf1df_6.0.22621.3672_none_2713b9d173822955\COMCTL32.dll
0x00007ffd6ebc0000 - 0x00007ffd6ebe9000 	C:\WINDOWS\System32\GDI32.dll
0x00007ffd6dea0000 - 0x00007ffd6dfb8000 	C:\WINDOWS\System32\gdi32full.dll
0x00007ffd6dad0000 - 0x00007ffd6db6a000 	C:\WINDOWS\System32\msvcp_win.dll
0x00007ffd63370000 - 0x00007ffd6337a000 	C:\WINDOWS\SYSTEM32\VERSION.dll
0x00007ffd70360000 - 0x00007ffd70391000 	C:\WINDOWS\System32\IMM32.DLL
0x00007ffd4dba0000 - 0x00007ffd4dbac000 	C:\Program Files\Java\jdk-17\bin\vcruntime140_1.dll
0x00007ffd25340000 - 0x00007ffd253ce000 	C:\Program Files\Java\jdk-17\bin\msvcp140.dll
0x00007ffc95940000 - 0x00007ffc9651e000 	C:\Program Files\Java\jdk-17\bin\server\jvm.dll
0x00007ffd6f8c0000 - 0x00007ffd6f8c8000 	C:\WINDOWS\System32\PSAPI.DLL
0x00007ffd63b90000 - 0x00007ffd63bc4000 	C:\WINDOWS\SYSTEM32\WINMM.dll
0x00007ffd658b0000 - 0x00007ffd658b9000 	C:\WINDOWS\SYSTEM32\WSOCK32.dll
0x00007ffd6f010000 - 0x00007ffd6f081000 	C:\WINDOWS\System32\WS2_32.dll
0x00007ffd6ca60000 - 0x00007ffd6ca78000 	C:\WINDOWS\SYSTEM32\kernel.appcore.dll
0x00007ffd49340000 - 0x00007ffd4934a000 	C:\Program Files\Java\jdk-17\bin\jimage.dll
0x00007ffd6ac50000 - 0x00007ffd6ae82000 	C:\WINDOWS\SYSTEM32\DBGHELP.DLL
0x00007ffd6e530000 - 0x00007ffd6e8be000 	C:\WINDOWS\System32\combase.dll
0x00007ffd6f250000 - 0x00007ffd6f327000 	C:\WINDOWS\System32\OLEAUT32.dll
0x00007ffd5d710000 - 0x00007ffd5d742000 	C:\WINDOWS\SYSTEM32\dbgcore.DLL
0x00007ffd6dbe0000 - 0x00007ffd6dc5b000 	C:\WINDOWS\System32\bcryptPrimitives.dll
0x00007ffcf9e90000 - 0x00007ffcf9e9e000 	C:\Program Files\Java\jdk-17\bin\instrument.dll
0x00007ffd411a0000 - 0x00007ffd411c5000 	C:\Program Files\Java\jdk-17\bin\java.dll

dbghelp: loaded successfully - version: 4.0.5 - missing functions: none
symbol engine: initialized successfully - sym options: 0x614 - pdb path: .;C:\Program Files\Java\jdk-17\bin;C:\WINDOWS\SYSTEM32;C:\WINDOWS\WinSxS\amd64_microsoft.windows.common-controls_6595b64144ccf1df_6.0.22621.3672_none_2713b9d173822955;C:\Program Files\Java\jdk-17\bin\server

VM Arguments:
jvm_args: -XX:TieredStopAtLevel=1 -Dspring.output.ansi.enabled=always -Dcom.sun.management.jmxremote -Dspring.jmx.enabled=true -Dspring.liveBeansView.mbeanDomain -Dspring.application.admin.enabled=true -Dmanagement.endpoints.jmx.exposure.include=* -javaagent:C:\Program Files\JetBrains\IntelliJ IDEA 2023.2.2\lib\idea_rt.jar=63448:C:\Program Files\JetBrains\IntelliJ IDEA 2023.2.2\bin -Dfile.encoding=UTF-8 
java_command: microservice.defence_service.DefenceServiceApplication
java_class_path (initial): C:\microservice\MSdefence\defence_service\target\classes;C:\Users\Admin\.m2\repository\org\springframework\boot\spring-boot-starter-data-jpa\3.3.5\spring-boot-starter-data-jpa-3.3.5.jar;C:\Users\Admin\.m2\repository\org\springframework\boot\spring-boot-starter-aop\3.3.5\spring-boot-starter-aop-3.3.5.jar;C:\Users\Admin\.m2\repository\org\springframework\spring-aop\6.1.14\spring-aop-6.1.14.jar;C:\Users\Admin\.m2\repository\org\aspectj\aspectjweaver\1.9.22.1\aspectjweaver-1.9.22.1.jar;C:\Users\Admin\.m2\repository\org\springframework\boot\spring-boot-starter-jdbc\3.3.5\spring-boot-starter-jdbc-3.3.5.jar;C:\Users\Admin\.m2\repository\com\zaxxer\HikariCP\5.1.0\HikariCP-5.1.0.jar;C:\Users\Admin\.m2\repository\org\springframework\spring-jdbc\6.1.14\spring-jdbc-6.1.14.jar;C:\Users\Admin\.m2\repository\org\hibernate\orm\hibernate-core\6.5.3.Final\hibernate-core-6.5.3.Final.jar;C:\Users\Admin\.m2\repository\jakarta\persistence\jakarta.persistence-api\3.1.0\jakarta.persistence-api-3.1.0.jar;C:\Users\Admin\.m2\repository\jakarta\transaction\jakarta.transaction-api\2.0.1\jakarta.transaction-api-2.0.1.jar;C:\Users\Admin\.m2\repository\org\jboss\logging\jboss-logging\3.5.3.Final\jboss-logging-3.5.3.Final.jar;C:\Users\Admin\.m2\repository\org\hibernate\common\hibernate-commons-annotations\6.0.6.Final\hibernate-commons-annotations-6.0.6.Final.jar;C:\Users\Admin\.m2\repository\io\smallrye\jandex\3.1.2\jandex-3.1.2.jar;C:\Users\Admin\.m2\repository\com\fasterxml\classmate\1.7.0\classmate-1.7.0.jar;C:\Users\Admin\.m2\repository\net\bytebuddy\byte-buddy\1.14.19\byte-buddy-1.14.19.jar;C:\Users\Admin\.m2\repository\org\glassfish\jaxb\jaxb-runtime\4.0.5\jaxb-runtime-4.0.5.jar;C:\Users\Admin\.m2\repository\org\glassfish\jaxb\jaxb-core\4.0.5\jaxb-core-4.0.5.jar;C:\Users\Admin\.m2\repository\org\eclipse\angus\angus-activation\2.0.2\angus-activation-2.0.2.jar;C:\Users\Admin\.m2\repository\org\glassfish\jaxb\txw2\4.0.5\txw2-4.0.5.jar;C:\Users\Admin\.m2\repository\co
Launcher Type: SUN_STANDARD

[Global flags]
     intx CICompilerCount                          = 4                                         {product} {ergonomic}
     uint ConcGCThreads                            = 2                                         {product} {ergonomic}
     uint G1ConcRefinementThreads                  = 8                                         {product} {ergonomic}
   size_t G1HeapRegionSize                         = 1048576                                   {product} {ergonomic}
    uintx GCDrainStackTargetSize                   = 64                                        {product} {ergonomic}
   size_t InitialHeapSize                          = 132120576                                 {product} {ergonomic}
     bool ManagementServer                         = true                                      {product} {command line}
   size_t MarkStackSize                            = 4194304                                   {product} {ergonomic}
   size_t MaxHeapSize                              = 2090860544                                {product} {ergonomic}
   size_t MinHeapDeltaBytes                        = 1048576                                   {product} {ergonomic}
   size_t MinHeapSize                              = 8388608                                   {product} {ergonomic}
    uintx NonProfiledCodeHeapSize                  = 0                                      {pd product} {ergonomic}
     bool ProfileInterpreter                       = false                                  {pd product} {command line}
    uintx ProfiledCodeHeapSize                     = 0                                      {pd product} {ergonomic}
   size_t SoftMaxHeapSize                          = 2090860544                             {manageable} {ergonomic}
     intx TieredStopAtLevel                        = 1                                         {product} {command line}
     bool UseCompressedClassPointers               = true                           {product lp64_product} {ergonomic}
     bool UseCompressedOops                        = true                           {product lp64_product} {ergonomic}
     bool UseG1GC                                  = true                                      {product} {ergonomic}
     bool UseLargePagesIndividualAllocation        = false                                  {pd product} {ergonomic}

Logging:
Log output configuration:
 #0: stdout all=warning uptime,level,tags
 #1: stderr all=off uptime,level,tags

Environment Variables:
JAVA_HOME=C:\Program Files\Java\jdk-17
PATH=C:\Program Files\Python312\Scripts\;C:\Program Files\Python312\;C:\Users\Admin\OneDrive\Desktop\dba\bin;C:\Program Files (x86)\VMware\VMware Workstation\bin\;C:\Program Files\Common Files\Oracle\Java\javapath;C:\Program Files\Microsoft\jdk-11.0.16.101-hotspot\bin;C:\Program Files (x86)\Common Files\Oracle\Java\javapath;C:\WINDOWS\system32;C:\WINDOWS;C:\WINDOWS\System32\Wbem;C:\WINDOWS\System32\WindowsPowerShell\v1.0\;C:\WINDOWS\System32\OpenSSH\;C:\xampp\php;C:\composer;C:\Program Files (x86)\Java\jdk-1.8\bin;C:\Program Files\Microsoft SQL Server\150\Tools\Binn\;C:\Program Files\Microsoft SQL Server\Client SDK\ODBC\170\Tools\Binn\;C:\Program Files\dotnet\;C:\Program Files\Java\jdk-17\bin;C:\Program Files\NVIDIA Corporation\NVIDIA NvDLISR;C:\Users\Admin\Downloads\apache-maven-3.8.8;C:\Program Files\Git\cmd;C:\Program Files\Python312;C:\Program Files\MongoDB\Server\7.0\bin;C:\Program Files\Python312;C:\Users\Admin\AppData\Roaming\nvm;C:\Program Files\nodejs;C:\Program Files\Vagrant\bin;C:\Program Files (x86)\PowerShell\7\;C:\xampp\mysql\bin;C:\Program Files\Java\jdk-17\bin;;C:\Program Files\Docker\Docker\resources\bin;C:\Users\Admin\AppData\Local\Programs\Python\Launcher\;C:\Users\Admin\scoop\shims;C:\Users\Admin\AppData\Local\Microsoft\WindowsApps;C:\Users\Admin\AppData\Roaming\Composer\vendor\bin;C:\Users\Admin\AppData\Local\Programs\Microsoft VS Code\bin;C:\Program Files\JetBrains\PhpStorm 2023.1.3\bin;C:\Users\Admin\.dotnet\tools;C:\Program Files\JetBrains\IntelliJ IDEA 2023.2.2\bin;C:\Program Files\apache-maven-3.8.6\bin;C:\Users\Admin\AppData\Local\GitHubDesktop\bin;C:\Program Files\mongosh\;C:\Program Files\MongoDB\Server\4.0\bin;C:\Users\Admin\AppData\Roaming\npm;C:\Program Files\PowerShell\7\;C:\Program Files\Java\jdk-17
USERNAME=Admin
OS=Windows_NT
PROCESSOR_IDENTIFIER=Intel64 Family 6 Model 140 Stepping 1, GenuineIntel



---------------  S Y S T E M  ---------------

OS:
 Windows 11 , 64 bit Build 22621 (10.0.22621.3958)
OS uptime: 1 days 0:24 hours
Hyper-V role detected

CPU: total 8 (initial active 8) (4 cores per cpu, 2 threads per core) family 6 model 140 stepping 1 microcode 0x9a, cx8, cmov, fxsr, ht, mmx, 3dnowpref, sse, sse2, sse3, ssse3, sse4.1, sse4.2, popcnt, lzcnt, tsc, tscinvbit, avx, avx2, aes, erms, clmul, bmi1, bmi2, adx, avx512f, avx512dq, avx512cd, avx512bw, avx512vl, sha, fma, vzeroupper, avx512_vpopcntdq, avx512_vpclmulqdq, avx512_vaes, avx512_vnni, clflush, clflushopt, clwb, avx512_vbmi2, avx512_vbmi, hv

Memory: 4k page, system-wide physical 7975M (374M free)
TotalPageFile size 24487M (AvailPageFile size 69M)
current process WorkingSet (physical memory assigned to process): 11M, peak: 11M
current process commit charge ("private bytes"): 55M, peak: 181M

vm_info: Java HotSpot(TM) 64-Bit Server VM (17.0.8+9-LTS-211) for windows-amd64 JRE (17.0.8+9-LTS-211), built on Jun 14 2023 10:34:31 by "mach5one" with MS VC++ 17.1 (VS2022)

END.
